#
# A fatal error has been detected by the Java Runtime Environment:
#
#  SIGSEGV (0xb) at pc=0x0000000105f2d2c8, pid=57263, tid=19203
#
# JRE version: Java(TM) SE Runtime Environment (8.0_77-b03) (build 1.8.0_77-b03)
# Java VM: Java HotSpot(TM) 64-Bit Server VM (25.77-b03 mixed mode bsd-amd64 compressed oops)
# Problematic frame:
# V  [libjvm.dylib+0x4462c8]  Method::checked_resolve_jmethod_id(_jmethodID*)+0xe
#
# Failed to write core dump. Core dumps have been disabled. To enable core dumping, try "ulimit -c unlimited" before starting Java again
#
# If you would like to submit a bug report, please visit:
#   http://bugreport.java.com/bugreport/crash.jsp
#

---------------  T H R E A D  ---------------

Current thread (0x00007faec6067800):  JavaThread "JDWP Transport Listener: dt_socket" daemon [_thread_in_vm, id=19203, stack(0x0000700000f47000,0x0000700001047000)]

siginfo: si_signo: 11 (SIGSEGV), si_code: 1 (SEGV_MAPERR), si_addr: 0x00007fae00000008

Registers:
RAX=0x0000000000000001, RBX=0x0000700001046a8b, RCX=0x00000001062fc340, RDX=0x0000700001046a8b
RSP=0x00007000010469d0, RBP=0x00007000010469e0, RSI=0x00007faec6067800, RDI=0x00007fae00000008
R8 =0x0000000000000000, R9 =0x00007faec5a1aaf0, R10=0x00000000d62296ed, R11=0x00007faec5a00000
R12=0x00007faec6067800, R13=0x00007fae00000008, R14=0x00007fae00000008, R15=0x00007faec35147d0
RIP=0x0000000105f2d2c8, EFLAGS=0x0000000000010202, ERR=0x0000000000000004
  TRAPNO=0x000000000000000e

Top of Stack: (sp=0x00007000010469d0)
0x00007000010469d0:   0000700001046a8b 0000700001046a8b
0x00007000010469e0:   0000700001046a40 0000000105e3c2fe
0x00007000010469f0:   00007faec6067800 0000000000000000
0x0000700001046a00:   0000000000000000 0000000000000000
0x0000700001046a10:   00007faec6067800 00007faec6067800
0x0000700001046a20:   0000700001046a8b 0000700001046a90
0x0000700001046a30:   00007fae00000008 0000000000000006
0x0000700001046a40:   0000700001046a60 0000000106ade780
0x0000700001046a50:   0000000000000001 0000700001046b08
0x0000700001046a60:   0000700001046ad0 0000000106ac31f3
0x0000700001046a70:   0000700001046aa0 00007faec5a1c250
0x0000700001046a80:   0000000700000032 0000000200046b08
0x0000700001046a90:   0000000000000000 0000000000000000
0x0000700001046aa0:   0000000000000000 0000700001046c90
0x0000700001046ab0:   0000000106ae5e7a 00007faec5b02ce0
0x0000700001046ac0:   0000700001046b08 0000000106af1598
0x0000700001046ad0:   0000700001046ae0 0000000106ac32ec
0x0000700001046ae0:   0000700001046d00 0000000106acc898
0x0000700001046af0:   000011b800000013 00000000000f0200
0x0000700001046b00:   00007faec5b0fdb0 00007faec5a13b1f
0x0000700001046b10:   00007fae00000199 00007faec5a1c290
0x0000700001046b20:   000000000000012c 0000700001046b58
0x0000700001046b30:   00007faec5a1c290 0000000000000000
0x0000700001046b40:   000011b800000030 00007fff00008c80
0x0000700001046b50:   0000700001046b58 ae7f000007000000
0x0000700001046b60:   0b00000028eb71c3 6c754e6b63656863
0x0000700001046b70:   281500000031246c 616c2f6176616a4c
0x0000700001046b80:   6e697274532f676e 000000005a293b67
0x0000700001046b90:   ae7f000012000000 0b00000010a8a0c5
0x0000700001046ba0:   4c656c626174756d 2828000000747369
0x0000700001046bb0:   2f616c6163734c29 697463656c6c6f63
0x0000700001046bc0:   626174756d2f6e6f 626174754d2f656c 

Instructions: (pc=0x0000000105f2d2c8)
0x0000000105f2d2a8:   40 48 48 85 c0 75 e0 30 c0 0f b6 c0 5d c3 31 c0
0x0000000105f2d2b8:   5d c3 55 48 89 e5 53 48 83 ec 08 48 85 ff 74 24
0x0000000105f2d2c8:   48 8b 1f 48 85 db 74 1c 48 83 fb 37 74 16 48 8b
0x0000000105f2d2d8:   03 48 89 df ff 50 10 84 c0 b8 00 00 00 00 48 0f 

Register to memory mapping:

RAX=0x0000000000000001 is an unknown value
RBX=0x0000700001046a8b is pointing into the stack for thread: 0x00007faec6067800
RCX=0x00000001062fc340: UseMembar+0 in /Library/Java/JavaVirtualMachines/jdk1.8.0_77.jdk/Contents/Home/jre/lib/server/libjvm.dylib at 0x0000000105ae7000
RDX=0x0000700001046a8b is pointing into the stack for thread: 0x00007faec6067800
RSP=0x00007000010469d0 is pointing into the stack for thread: 0x00007faec6067800
RBP=0x00007000010469e0 is pointing into the stack for thread: 0x00007faec6067800
RSI=0x00007faec6067800 is a thread
RDI=0x00007fae00000008 is an unknown value
R8 =0x0000000000000000 is an unknown value
R9 =0x00007faec5a1aaf0 is an unknown value
R10=0x00000000d62296ed is an unknown value
R11=0x00007faec5a00000 is an unknown value
R12=0x00007faec6067800 is a thread
R13=0x00007fae00000008 is an unknown value
R14=0x00007fae00000008 is an unknown value
R15=0x00007faec35147d0 is an unknown value


Stack: [0x0000700000f47000,0x0000700001047000],  sp=0x00007000010469d0,  free space=1022k
Native frames: (J=compiled Java code, j=interpreted, Vv=VM code, C=native code)
V  [libjvm.dylib+0x4462c8]  Method::checked_resolve_jmethod_id(_jmethodID*)+0xe
V  [libjvm.dylib+0x3552fe]  jvmti_IsMethodSynthetic+0xb2
C  [libjdwp.dylib+0x20780]  isMethodSynthetic+0x63
C  [libjdwp.dylib+0x51f3]  methods1+0x10b
C  [libjdwp.dylib+0x52ec]  methodsWithGeneric+0xe
C  [libjdwp.dylib+0xe898]  debugLoop_run+0x1ce
C  [libjdwp.dylib+0x1f6ba]  attachThread+0x4d
V  [libjvm.dylib+0x39665c]  JvmtiAgentThread::call_start_function()+0x38
V  [libjvm.dylib+0x560e03]  JavaThread::thread_main_inner()+0x9b
V  [libjvm.dylib+0x5624fe]  JavaThread::run()+0x1c2
V  [libjvm.dylib+0x482eda]  java_start(Thread*)+0xf6
C  [libsystem_pthread.dylib+0x399d]  _pthread_body+0x83
C  [libsystem_pthread.dylib+0x391a]  _pthread_body+0x0
C  [libsystem_pthread.dylib+0x1351]  thread_start+0xd
C  0x0000000000000000


---------------  P R O C E S S  ---------------

Java Threads: ( => current thread )
  0x00007faec700b800 JavaThread "Service Thread" daemon [_thread_blocked, id=22787, stack(0x000070000165c000,0x000070000175c000)]
  0x00007faec480c800 JavaThread "C1 CompilerThread3" daemon [_thread_blocked, id=22275, stack(0x0000700001559000,0x0000700001659000)]
  0x00007faec480d800 JavaThread "C2 CompilerThread2" daemon [_thread_blocked, id=21763, stack(0x0000700001456000,0x0000700001556000)]
  0x00007faec60b1800 JavaThread "C2 CompilerThread1" daemon [_thread_blocked, id=21251, stack(0x0000700001353000,0x0000700001453000)]
  0x00007faec603a800 JavaThread "C2 CompilerThread0" daemon [_thread_blocked, id=20739, stack(0x0000700001250000,0x0000700001350000)]
  0x00007faec603a000 JavaThread "JDWP Command Reader" daemon [_thread_in_native, id=20227, stack(0x000070000114d000,0x000070000124d000)]
  0x00007faec6066800 JavaThread "JDWP Event Helper Thread" daemon [_thread_blocked, id=19715, stack(0x000070000104a000,0x000070000114a000)]
=>0x00007faec6067800 JavaThread "JDWP Transport Listener: dt_socket" daemon [_thread_in_vm, id=19203, stack(0x0000700000f47000,0x0000700001047000)]
  0x00007faec7801000 JavaThread "Signal Dispatcher" daemon [_thread_blocked, id=14863, stack(0x0000700000e44000,0x0000700000f44000)]
  0x00007faec4023000 JavaThread "Finalizer" daemon [_thread_blocked, id=14339, stack(0x0000700000c3b000,0x0000700000d3b000)]
  0x00007faec6064000 JavaThread "Reference Handler" daemon [_thread_blocked, id=13827, stack(0x0000700000b38000,0x0000700000c38000)]
  0x00007faec6001800 JavaThread "main" [_thread_blocked, id=5891, stack(0x000070000011a000,0x000070000021a000)]

Other Threads:
  0x00007faec6801000 VMThread [stack: 0x0000700000a35000,0x0000700000b35000] [id=13315]
  0x00007faec3804000 WatcherThread [stack: 0x000070000175f000,0x000070000185f000] [id=23299]

VM state:not at safepoint (normal execution)

VM Mutex/Monitor currently owned by a thread: None

Heap:
 PSYoungGen      total 38400K, used 15372K [0x0000000795580000, 0x0000000798000000, 0x00000007c0000000)
  eden space 33280K, 46% used [0x0000000795580000,0x0000000796483030,0x0000000797600000)
  from space 5120K, 0% used [0x0000000797b00000,0x0000000797b00000,0x0000000798000000)
  to   space 5120K, 0% used [0x0000000797600000,0x0000000797600000,0x0000000797b00000)
 ParOldGen       total 87552K, used 0K [0x0000000740000000, 0x0000000745580000, 0x0000000795580000)
  object space 87552K, 0% used [0x0000000740000000,0x0000000740000000,0x0000000745580000)
 Metaspace       used 5623K, capacity 7052K, committed 7296K, reserved 1056768K
  class space    used 763K, capacity 840K, committed 896K, reserved 1048576K

Card table byte_map: [0x0000000116fc0000,0x00000001173c1000] byte_map_base: 0x00000001135c0000

Marking Bits: (ParMarkBitMap*) 0x00000001063caea0
 Begin Bits: [0x000000011766c000, 0x000000011966c000)
 End Bits:   [0x000000011966c000, 0x000000011b66c000)

Polling page: 0x0000000106abd000

CodeCache: size=245760Kb used=1984Kb max_used=1984Kb free=243775Kb
 bounds [0x0000000107c00000, 0x0000000107e70000, 0x0000000116c00000]
 total_blobs=596 nmethods=356 adapters=162
 compilation: enabled

Compilation events (10 events):
Event: 1.842 Thread 0x00007faec480c800  352       3       scala.collection.IndexedSeqOptimized$class::$init$ (1 bytes)
Event: 1.842 Thread 0x00007faec480c800 nmethod 352 0x0000000107defb10 code [0x0000000107defc60, 0x0000000107defd90]
Event: 1.842 Thread 0x00007faec480c800  354       3       scala.collection.mutable.LinearSeq$class::$init$ (1 bytes)
Event: 1.842 Thread 0x00007faec480c800 nmethod 354 0x0000000107defe10 code [0x0000000107deff60, 0x0000000107df0090]
Event: 1.842 Thread 0x00007faec480c800  355       3       scala.collection.immutable.StringOps::toString (11 bytes)
Event: 1.842 Thread 0x00007faec480c800 nmethod 355 0x0000000107df0110 code [0x0000000107df0280, 0x0000000107df0550]
Event: 1.842 Thread 0x00007faec480c800  356       3       scala.collection.immutable.StringOps$::toString$extension (2 bytes)
Event: 1.842 Thread 0x00007faec480c800 nmethod 356 0x0000000107df0610 code [0x0000000107df0760, 0x0000000107df08b0]
Event: 1.842 Thread 0x00007faec480c800  353       3       scala.collection.AbstractTraversable::nonEmpty (5 bytes)
Event: 1.843 Thread 0x00007faec480c800 nmethod 353 0x0000000107df0950 code [0x0000000107df0ac0, 0x0000000107df0d88]

GC Heap History (0 events):
No events

Deoptimization events (1 events):
Event: 0.559 Thread 0x00007faec6001800 Uncommon trap: reason=unstable_if action=reinterpret pc=0x0000000107d3615c method=java.lang.String.indexOf(II)I @ 49

Internal exceptions (2 events):
Event: 0.030 Thread 0x00007faec6001800 Exception <a 'java/lang/NoSuchMethodError': Method sun.misc.Unsafe.defineClass(Ljava/lang/String;[BII)Ljava/lang/Class; name or signature does not match> (0x0000000795587cc0) thrown at [/Users/java_re/workspace/8-2-build-macosx-x86_64/jdk8u77/6540/hotspot
Event: 0.030 Thread 0x00007faec6001800 Exception <a 'java/lang/NoSuchMethodError': Method sun.misc.Unsafe.prefetchRead(Ljava/lang/Object;J)V name or signature does not match> (0x0000000795587fa8) thrown at [/Users/java_re/workspace/8-2-build-macosx-x86_64/jdk8u77/6540/hotspot/src/share/vm/prim

Events (10 events):
Event: 478.437 Executing VM operation: ChangeBreakpoints
Event: 478.437 Executing VM operation: ChangeBreakpoints done
Event: 478.449 Executing VM operation: ChangeBreakpoints
Event: 478.449 Executing VM operation: ChangeBreakpoints done
Event: 504.364 Executing VM operation: ChangeBreakpoints
Event: 504.364 Executing VM operation: ChangeBreakpoints done
Event: 575.845 Executing VM operation: RedefineClasses
Event: 575.853 Executing VM operation: RedefineClasses done
Event: 575.855 Executing VM operation: GetOrSetLocal
Event: 575.855 Executing VM operation: GetOrSetLocal done


Dynamic libraries:
0x000000000682b000 	/System/Library/Frameworks/Cocoa.framework/Versions/A/Cocoa
0x000000000682b000 	/System/Library/Frameworks/Security.framework/Versions/A/Security
0x000000000682b000 	/System/Library/Frameworks/ApplicationServices.framework/Versions/A/ApplicationServices
0x000000000682b000 	/usr/lib/libz.1.dylib
0x000000000682b000 	/usr/lib/libSystem.B.dylib
0x000000000682b000 	/usr/lib/libobjc.A.dylib
0x000000000682b000 	/System/Library/Frameworks/CoreFoundation.framework/Versions/A/CoreFoundation
0x000000000682b000 	/System/Library/Frameworks/Foundation.framework/Versions/C/Foundation
0x000000000682b000 	/System/Library/Frameworks/AppKit.framework/Versions/C/AppKit
0x000000000682b000 	/System/Library/Frameworks/CoreData.framework/Versions/A/CoreData
0x000000000682b000 	/System/Library/PrivateFrameworks/RemoteViewServices.framework/Versions/A/RemoteViewServices
0x000000000682b000 	/System/Library/PrivateFrameworks/UIFoundation.framework/Versions/A/UIFoundation
0x000000000682b000 	/usr/lib/libScreenReader.dylib
0x000000000682b000 	/System/Library/Frameworks/Accelerate.framework/Versions/A/Accelerate
0x000000000682b000 	/System/Library/Frameworks/IOSurface.framework/Versions/A/IOSurface
0x000000000682b000 	/System/Library/Frameworks/AudioToolbox.framework/Versions/A/AudioToolbox
0x000000000682b000 	/System/Library/Frameworks/AudioUnit.framework/Versions/A/AudioUnit
0x000000000682b000 	/System/Library/PrivateFrameworks/DataDetectorsCore.framework/Versions/A/DataDetectorsCore
0x000000000682b000 	/System/Library/PrivateFrameworks/DesktopServicesPriv.framework/Versions/A/DesktopServicesPriv
0x000000000682b000 	/System/Library/Frameworks/Carbon.framework/Versions/A/Frameworks/HIToolbox.framework/Versions/A/HIToolbox
0x000000000682b000 	/System/Library/Frameworks/QuartzCore.framework/Versions/A/QuartzCore
0x000000000682b000 	/System/Library/Frameworks/Carbon.framework/Versions/A/Frameworks/SpeechRecognition.framework/Versions/A/SpeechRecognition
0x000000000682b000 	/usr/lib/libauto.dylib
0x000000000682b000 	/usr/lib/libicucore.A.dylib
0x000000000682b000 	/usr/lib/libxml2.2.dylib
0x000000000682b000 	/System/Library/PrivateFrameworks/CoreUI.framework/Versions/A/CoreUI
0x000000000682b000 	/System/Library/Frameworks/CoreAudio.framework/Versions/A/CoreAudio
0x000000000682b000 	/System/Library/Frameworks/DiskArbitration.framework/Versions/A/DiskArbitration
0x000000000682b000 	/usr/lib/liblangid.dylib
0x000000000682b000 	/System/Library/PrivateFrameworks/MultitouchSupport.framework/Versions/A/MultitouchSupport
0x000000000682b000 	/System/Library/Frameworks/IOKit.framework/Versions/A/IOKit
0x000000000682b000 	/usr/lib/libDiagnosticMessagesClient.dylib
0x000000000682b000 	/System/Library/Frameworks/CoreServices.framework/Versions/A/CoreServices
0x000000000682b000 	/System/Library/PrivateFrameworks/PerformanceAnalysis.framework/Versions/A/PerformanceAnalysis
0x000000000682b000 	/System/Library/PrivateFrameworks/GenerationalStorage.framework/Versions/A/GenerationalStorage
0x000000000682b000 	/System/Library/Frameworks/OpenGL.framework/Versions/A/OpenGL
0x000000000682b000 	/System/Library/PrivateFrameworks/Sharing.framework/Versions/A/Sharing
0x000000000682b000 	/System/Library/Frameworks/CoreGraphics.framework/Versions/A/CoreGraphics
0x000000000682b000 	/System/Library/Frameworks/CoreImage.framework/Versions/A/CoreImage
0x000000000682b000 	/System/Library/Frameworks/CoreText.framework/Versions/A/CoreText
0x000000000682b000 	/System/Library/Frameworks/ImageIO.framework/Versions/A/ImageIO
0x000000000682b000 	/System/Library/PrivateFrameworks/Backup.framework/Versions/A/Backup
0x000000000682b000 	/usr/lib/libextension.dylib
0x000000000682b000 	/usr/lib/libarchive.2.dylib
0x000000000682b000 	/System/Library/Frameworks/CFNetwork.framework/Versions/A/CFNetwork
0x000000000682b000 	/System/Library/Frameworks/SystemConfiguration.framework/Versions/A/SystemConfiguration
0x000000000682b000 	/usr/lib/libCRFSuite.dylib
0x000000000682b000 	/usr/lib/libc++.1.dylib
0x000000000682b000 	/usr/lib/libc++abi.dylib
0x000000000682b000 	/usr/lib/system/libcache.dylib
0x000000000682b000 	/usr/lib/system/libcommonCrypto.dylib
0x000000000682b000 	/usr/lib/system/libcompiler_rt.dylib
0x000000000682b000 	/usr/lib/system/libcopyfile.dylib
0x000000000682b000 	/usr/lib/system/libcorecrypto.dylib
0x000000000682b000 	/usr/lib/system/libdispatch.dylib
0x000000000682b000 	/usr/lib/system/libdyld.dylib
0x000000000682b000 	/usr/lib/system/libkeymgr.dylib
0x000000000682b000 	/usr/lib/system/liblaunch.dylib
0x000000000682b000 	/usr/lib/system/libmacho.dylib
0x000000000682b000 	/usr/lib/system/libquarantine.dylib
0x000000000682b000 	/usr/lib/system/libremovefile.dylib
0x000000000682b000 	/usr/lib/system/libsystem_asl.dylib
0x000000000682b000 	/usr/lib/system/libsystem_blocks.dylib
0x000000000682b000 	/usr/lib/system/libsystem_c.dylib
0x000000000682b000 	/usr/lib/system/libsystem_configuration.dylib
0x000000000682b000 	/usr/lib/system/libsystem_coreservices.dylib
0x000000000682b000 	/usr/lib/system/libsystem_coretls.dylib
0x000000000682b000 	/usr/lib/system/libsystem_dnssd.dylib
0x000000000682b000 	/usr/lib/system/libsystem_info.dylib
0x000000000682b000 	/usr/lib/system/libsystem_kernel.dylib
0x000000000682b000 	/usr/lib/system/libsystem_m.dylib
0x000000000682b000 	/usr/lib/system/libsystem_malloc.dylib
0x000000000682b000 	/usr/lib/system/libsystem_network.dylib
0x000000000682b000 	/usr/lib/system/libsystem_networkextension.dylib
0x000000000682b000 	/usr/lib/system/libsystem_notify.dylib
0x000000000682b000 	/usr/lib/system/libsystem_platform.dylib
0x000000000682b000 	/usr/lib/system/libsystem_pthread.dylib
0x000000000682b000 	/usr/lib/system/libsystem_sandbox.dylib
0x000000000682b000 	/usr/lib/system/libsystem_secinit.dylib
0x000000000682b000 	/usr/lib/system/libsystem_trace.dylib
0x000000000682b000 	/usr/lib/system/libunc.dylib
0x000000000682b000 	/usr/lib/system/libunwind.dylib
0x000000000682b000 	/usr/lib/system/libxpc.dylib
0x000000000682b000 	/usr/lib/libenergytrace.dylib
0x000000000682b000 	/usr/lib/libbsm.0.dylib
0x000000000682b000 	/usr/lib/system/libkxld.dylib
0x000000000682b000 	/usr/lib/libxar.1.dylib
0x000000000682b000 	/usr/lib/libsqlite3.dylib
0x000000000682b000 	/usr/lib/libpam.2.dylib
0x000000000682b000 	/usr/lib/libOpenScriptingUtil.dylib
0x000000000682b000 	/usr/lib/libbz2.1.0.dylib
0x000000000682b000 	/usr/lib/liblzma.5.dylib
0x000000000682b000 	/System/Library/Frameworks/CoreServices.framework/Versions/A/Frameworks/FSEvents.framework/Versions/A/FSEvents
0x000000000682b000 	/System/Library/Frameworks/CoreServices.framework/Versions/A/Frameworks/CarbonCore.framework/Versions/A/CarbonCore
0x000000000682b000 	/System/Library/Frameworks/CoreServices.framework/Versions/A/Frameworks/Metadata.framework/Versions/A/Metadata
0x000000000682b000 	/System/Library/Frameworks/CoreServices.framework/Versions/A/Frameworks/OSServices.framework/Versions/A/OSServices
0x000000000682b000 	/System/Library/Frameworks/CoreServices.framework/Versions/A/Frameworks/SearchKit.framework/Versions/A/SearchKit
0x000000000682b000 	/System/Library/Frameworks/CoreServices.framework/Versions/A/Frameworks/AE.framework/Versions/A/AE
0x000000000682b000 	/System/Library/Frameworks/CoreServices.framework/Versions/A/Frameworks/LaunchServices.framework/Versions/A/LaunchServices
0x000000000682b000 	/System/Library/Frameworks/CoreServices.framework/Versions/A/Frameworks/DictionaryServices.framework/Versions/A/DictionaryServices
0x000000000682b000 	/System/Library/Frameworks/CoreServices.framework/Versions/A/Frameworks/SharedFileList.framework/Versions/A/SharedFileList
0x000000000682b000 	/System/Library/Frameworks/NetFS.framework/Versions/A/NetFS
0x000000000682b000 	/System/Library/PrivateFrameworks/NetAuth.framework/Versions/A/NetAuth
0x000000000682b000 	/System/Library/PrivateFrameworks/login.framework/Versions/A/Frameworks/loginsupport.framework/Versions/A/loginsupport
0x000000000682b000 	/System/Library/PrivateFrameworks/TCC.framework/Versions/A/TCC
0x000000000682b000 	/usr/lib/libmecabra.dylib
0x000000000682b000 	/System/Library/Frameworks/ApplicationServices.framework/Versions/A/Frameworks/ATS.framework/Versions/A/ATS
0x000000000682b000 	/System/Library/Frameworks/ApplicationServices.framework/Versions/A/Frameworks/ColorSync.framework/Versions/A/ColorSync
0x000000000682b000 	/System/Library/Frameworks/ApplicationServices.framework/Versions/A/Frameworks/HIServices.framework/Versions/A/HIServices
0x000000000682b000 	/System/Library/Frameworks/ApplicationServices.framework/Versions/A/Frameworks/LangAnalysis.framework/Versions/A/LangAnalysis
0x000000000682b000 	/System/Library/Frameworks/ApplicationServices.framework/Versions/A/Frameworks/PrintCore.framework/Versions/A/PrintCore
0x000000000682b000 	/System/Library/Frameworks/ApplicationServices.framework/Versions/A/Frameworks/QD.framework/Versions/A/QD
0x000000000682b000 	/System/Library/Frameworks/ApplicationServices.framework/Versions/A/Frameworks/SpeechSynthesis.framework/Versions/A/SpeechSynthesis
0x000000000682b000 	/System/Library/Frameworks/Metal.framework/Versions/A/Metal
0x000000000682b000 	/System/Library/Frameworks/Accelerate.framework/Versions/A/Frameworks/vImage.framework/Versions/A/vImage
0x000000000682b000 	/System/Library/Frameworks/Accelerate.framework/Versions/A/Frameworks/vecLib.framework/Versions/A/vecLib
0x000000000682b000 	/System/Library/Frameworks/Accelerate.framework/Versions/A/Frameworks/vecLib.framework/Versions/A/libvDSP.dylib
0x000000000682b000 	/System/Library/Frameworks/Accelerate.framework/Versions/A/Frameworks/vecLib.framework/Versions/A/libvMisc.dylib
0x000000000682b000 	/System/Library/Frameworks/Accelerate.framework/Versions/A/Frameworks/vecLib.framework/Versions/A/libLAPACK.dylib
0x000000000682b000 	/System/Library/Frameworks/Accelerate.framework/Versions/A/Frameworks/vecLib.framework/Versions/A/libBLAS.dylib
0x000000000682b000 	/System/Library/Frameworks/Accelerate.framework/Versions/A/Frameworks/vecLib.framework/Versions/A/libLinearAlgebra.dylib
0x000000000682b000 	/System/Library/Frameworks/Accelerate.framework/Versions/A/Frameworks/vecLib.framework/Versions/A/libSparseBLAS.dylib
0x000000000682b000 	/System/Library/PrivateFrameworks/GPUCompiler.framework/libmetal_timestamp.dylib
0x000000000682b000 	/System/Library/Frameworks/OpenGL.framework/Versions/A/Libraries/libCoreFSCache.dylib
0x000000000682b000 	/System/Library/PrivateFrameworks/IOAccelerator.framework/Versions/A/IOAccelerator
0x000000000682b000 	/System/Library/Frameworks/ApplicationServices.framework/Versions/A/Frameworks/ATS.framework/Versions/A/Resources/libFontParser.dylib
0x000000000682b000 	/System/Library/Frameworks/ApplicationServices.framework/Versions/A/Frameworks/ATS.framework/Versions/A/Resources/libFontRegistry.dylib
0x000000000682b000 	/System/Library/PrivateFrameworks/AppleVPA.framework/Versions/A/AppleVPA
0x000000000682b000 	/System/Library/PrivateFrameworks/AppleJPEG.framework/Versions/A/AppleJPEG
0x000000000682b000 	/System/Library/Frameworks/ImageIO.framework/Versions/A/Resources/libJPEG.dylib
0x000000000682b000 	/System/Library/Frameworks/ImageIO.framework/Versions/A/Resources/libTIFF.dylib
0x000000000682b000 	/System/Library/Frameworks/ImageIO.framework/Versions/A/Resources/libPng.dylib
0x000000000682b000 	/System/Library/Frameworks/ImageIO.framework/Versions/A/Resources/libGIF.dylib
0x000000000682b000 	/System/Library/Frameworks/ImageIO.framework/Versions/A/Resources/libJP2.dylib
0x000000000682b000 	/System/Library/Frameworks/ImageIO.framework/Versions/A/Resources/libRadiance.dylib
0x000000000682b000 	/System/Library/Frameworks/CoreVideo.framework/Versions/A/CoreVideo
0x000000000682b000 	/System/Library/Frameworks/OpenGL.framework/Versions/A/Libraries/libGLU.dylib
0x000000000682b000 	/System/Library/Frameworks/OpenGL.framework/Versions/A/Libraries/libGFXShared.dylib
0x000000000682b000 	/System/Library/Frameworks/OpenGL.framework/Versions/A/Libraries/libGL.dylib
0x000000000682b000 	/System/Library/Frameworks/OpenGL.framework/Versions/A/Libraries/libGLImage.dylib
0x000000000682b000 	/System/Library/Frameworks/OpenGL.framework/Versions/A/Libraries/libCVMSPluginSupport.dylib
0x000000000682b000 	/System/Library/Frameworks/OpenGL.framework/Versions/A/Libraries/libCoreVMClient.dylib
0x000000000682b000 	/usr/lib/libcups.2.dylib
0x000000000682b000 	/System/Library/Frameworks/Kerberos.framework/Versions/A/Kerberos
0x000000000682b000 	/System/Library/Frameworks/GSS.framework/Versions/A/GSS
0x000000000682b000 	/usr/lib/libresolv.9.dylib
0x000000000682b000 	/usr/lib/libiconv.2.dylib
0x000000000682b000 	/System/Library/PrivateFrameworks/Heimdal.framework/Versions/A/Heimdal
0x000000000682b000 	/usr/lib/libheimdal-asn1.dylib
0x000000000682b000 	/System/Library/Frameworks/OpenDirectory.framework/Versions/A/OpenDirectory
0x000000000682b000 	/System/Library/PrivateFrameworks/CommonAuth.framework/Versions/A/CommonAuth
0x000000000682b000 	/System/Library/Frameworks/OpenDirectory.framework/Versions/A/Frameworks/CFOpenDirectory.framework/Versions/A/CFOpenDirectory
0x000000000682b000 	/System/Library/Frameworks/SecurityFoundation.framework/Versions/A/SecurityFoundation
0x000000000682b000 	/System/Library/PrivateFrameworks/LanguageModeling.framework/Versions/A/LanguageModeling
0x000000000682b000 	/usr/lib/libmarisa.dylib
0x000000000682b000 	/usr/lib/libChineseTokenizer.dylib
0x000000000682b000 	/usr/lib/libcmph.dylib
0x000000000682b000 	/usr/lib/libcompression.dylib
0x000000000682b000 	/System/Library/Frameworks/ServiceManagement.framework/Versions/A/ServiceManagement
0x000000000682b000 	/usr/lib/libxslt.1.dylib
0x000000000682b000 	/System/Library/Frameworks/Carbon.framework/Versions/A/Frameworks/Ink.framework/Versions/A/Ink
0x000000000682b000 	/usr/lib/libFosl_dynamic.dylib
0x000000000682b000 	/System/Library/PrivateFrameworks/FaceCore.framework/Versions/A/FaceCore
0x000000000682b000 	/System/Library/Frameworks/OpenCL.framework/Versions/A/OpenCL
0x000000000682b000 	/System/Library/PrivateFrameworks/CrashReporterSupport.framework/Versions/A/CrashReporterSupport
0x000000000682b000 	/System/Library/PrivateFrameworks/IconServices.framework/Versions/A/IconServices
0x000000000682b000 	/System/Library/PrivateFrameworks/Apple80211.framework/Versions/A/Apple80211
0x000000000682b000 	/System/Library/Frameworks/CoreWLAN.framework/Versions/A/CoreWLAN
0x000000000682b000 	/System/Library/Frameworks/IOBluetooth.framework/Versions/A/IOBluetooth
0x000000000682b000 	/System/Library/PrivateFrameworks/CoreWiFi.framework/Versions/A/CoreWiFi
0x000000000682b000 	/System/Library/Frameworks/CoreBluetooth.framework/Versions/A/CoreBluetooth
0x000000000682b000 	/System/Library/PrivateFrameworks/ChunkingLibrary.framework/Versions/A/ChunkingLibrary
0x000000000682b000 	/System/Library/PrivateFrameworks/DebugSymbols.framework/Versions/A/DebugSymbols
0x000000000682b000 	/System/Library/PrivateFrameworks/CoreSymbolication.framework/Versions/A/CoreSymbolication
0x000000000682b000 	/System/Library/PrivateFrameworks/Symbolication.framework/Versions/A/Symbolication
0x000000000682b000 	/System/Library/PrivateFrameworks/SpeechRecognitionCore.framework/Versions/A/SpeechRecognitionCore
0x0000000105ae7000 	/Library/Java/JavaVirtualMachines/jdk1.8.0_77.jdk/Contents/Home/jre/lib/server/libjvm.dylib
0x000000000682b000 	/usr/lib/libstdc++.6.dylib
0x0000000106a7a000 	/Library/Java/JavaVirtualMachines/jdk1.8.0_77.jdk/Contents/Home/jre/lib/libverify.dylib
0x0000000106a88000 	/Library/Java/JavaVirtualMachines/jdk1.8.0_77.jdk/Contents/Home/jre/lib/libjava.dylib
0x0000000106abe000 	/Library/Java/JavaVirtualMachines/jdk1.8.0_77.jdk/Contents/Home/jre/lib/libjdwp.dylib
0x0000000106b09000 	/Library/Java/JavaVirtualMachines/jdk1.8.0_77.jdk/Contents/Home/jre/lib/libnpt.dylib
0x0000000106b16000 	/Library/Java/JavaVirtualMachines/jdk1.8.0_77.jdk/Contents/Home/jre/lib/libzip.dylib
0x000000011e117000 	/System/Library/Frameworks/JavaVM.framework/Frameworks/JavaRuntimeSupport.framework/JavaRuntimeSupport
0x0000000106beb000 	/System/Library/Frameworks/JavaVM.framework/Versions/A/Frameworks/JavaNativeFoundation.framework/Versions/A/JavaNativeFoundation
0x000000011e132000 	/System/Library/Frameworks/JavaVM.framework/Versions/A/JavaVM
0x000000000682b000 	/System/Library/Frameworks/Carbon.framework/Versions/A/Carbon
0x000000011e13f000 	/System/Library/PrivateFrameworks/JavaLaunching.framework/Versions/A/JavaLaunching
0x000000000682b000 	/System/Library/Frameworks/Carbon.framework/Versions/A/Frameworks/CommonPanels.framework/Versions/A/CommonPanels
0x000000000682b000 	/System/Library/Frameworks/Carbon.framework/Versions/A/Frameworks/Help.framework/Versions/A/Help
0x000000000682b000 	/System/Library/Frameworks/Carbon.framework/Versions/A/Frameworks/ImageCapture.framework/Versions/A/ImageCapture
0x000000000682b000 	/System/Library/Frameworks/Carbon.framework/Versions/A/Frameworks/OpenScripting.framework/Versions/A/OpenScripting
0x000000000682b000 	/System/Library/Frameworks/Carbon.framework/Versions/A/Frameworks/Print.framework/Versions/A/Print
0x000000000682b000 	/System/Library/Frameworks/Carbon.framework/Versions/A/Frameworks/SecurityHI.framework/Versions/A/SecurityHI
0x000000011fa61000 	/Library/Java/JavaVirtualMachines/jdk1.8.0_77.jdk/Contents/Home/jre/lib/libdt_socket.dylib

VM Arguments:
jvm_args: -agentlib:jdwp=transport=dt_socket,address=127.0.0.1:57746,suspend=y,server=n -Dfile.encoding=UTF-8 
java_command: FileIO
java_class_path (initial): /Library/Java/JavaVirtualMachines/jdk1.8.0_77.jdk/Contents/Home/jre/lib/charsets.jar:/Library/Java/JavaVirtualMachines/jdk1.8.0_77.jdk/Contents/Home/jre/lib/deploy.jar:/Library/Java/JavaVirtualMachines/jdk1.8.0_77.jdk/Contents/Home/jre/lib/ext/cldrdata.jar:/Library/Java/JavaVirtualMachines/jdk1.8.0_77.jdk/Contents/Home/jre/lib/ext/dnsns.jar:/Library/Java/JavaVirtualMachines/jdk1.8.0_77.jdk/Contents/Home/jre/lib/ext/jaccess.jar:/Library/Java/JavaVirtualMachines/jdk1.8.0_77.jdk/Contents/Home/jre/lib/ext/jfxrt.jar:/Library/Java/JavaVirtualMachines/jdk1.8.0_77.jdk/Contents/Home/jre/lib/ext/localedata.jar:/Library/Java/JavaVirtualMachines/jdk1.8.0_77.jdk/Contents/Home/jre/lib/ext/nashorn.jar:/Library/Java/JavaVirtualMachines/jdk1.8.0_77.jdk/Contents/Home/jre/lib/ext/sunec.jar:/Library/Java/JavaVirtualMachines/jdk1.8.0_77.jdk/Contents/Home/jre/lib/ext/sunjce_provider.jar:/Library/Java/JavaVirtualMachines/jdk1.8.0_77.jdk/Contents/Home/jre/lib/ext/sunpkcs11.jar:/Library/Java/JavaVirtualMachines/jdk1.8.0_77.jdk/Contents/Home/jre/lib/ext/zipfs.jar:/Library/Java/JavaVirtualMachines/jdk1.8.0_77.jdk/Contents/Home/jre/lib/javaws.jar:/Library/Java/JavaVirtualMachines/jdk1.8.0_77.jdk/Contents/Home/jre/lib/jce.jar:/Library/Java/JavaVirtualMachines/jdk1.8.0_77.jdk/Contents/Home/jre/lib/jfr.jar:/Library/Java/JavaVirtualMachines/jdk1.8.0_77.jdk/Contents/Home/jre/lib/jfxswt.jar:/Library/Java/JavaVirtualMachines/jdk1.8.0_77.jdk/Contents/Home/jre/lib/jsse.jar:/Library/Java/JavaVirtualMachines/jdk1.8.0_77.jdk/Contents/Home/jre/lib/management-agent.jar:/Library/Java/JavaVirtualMachines/jdk1.8.0_77.jdk/Contents/Home/jre/lib/plugin.jar:/Library/Java/JavaVirtualMachines/jdk1.8.0_77.jdk/Contents/Home/jre/lib/resources.jar:/Library/Java/JavaVirtualMachines/jdk1.8.0_77.jdk/Contents/Home/jre/lib/rt.jar:/Library/Java/JavaVirtualMachines/jdk1.8.0_77.jdk/Contents/Home/lib/ant-javafx.jar:/Library/Java/JavaVirtualMachines/jdk1.8.0_77.jdk/Contents/Home/lib/dt.jar:/Library/Ja
Launcher Type: SUN_STANDARD

Environment Variables:
PATH=/usr/bin:/bin:/usr/sbin:/sbin:/usr/local/bin
SHELL=/bin/bash

Signal Handlers:
SIGSEGV: [libjvm.dylib+0x5a6855], sa_mask[0]=11111111011111110111111111111111, sa_flags=SA_ONSTACK|SA_RESTART|SA_SIGINFO
SIGBUS: [libjvm.dylib+0x5a6855], sa_mask[0]=11111111011111110111111111111111, sa_flags=SA_RESTART|SA_SIGINFO
SIGFPE: [libjvm.dylib+0x4804ec], sa_mask[0]=11111111011111110111111111111111, sa_flags=SA_RESTART|SA_SIGINFO
SIGPIPE: [libjvm.dylib+0x4804ec], sa_mask[0]=11111111011111110111111111111111, sa_flags=SA_RESTART|SA_SIGINFO
SIGXFSZ: [libjvm.dylib+0x4804ec], sa_mask[0]=11111111011111110111111111111111, sa_flags=SA_RESTART|SA_SIGINFO
SIGILL: [libjvm.dylib+0x4804ec], sa_mask[0]=11111111011111110111111111111111, sa_flags=SA_RESTART|SA_SIGINFO
SIGUSR1: SIG_DFL, sa_mask[0]=00000000000000000000000000000000, sa_flags=none
SIGUSR2: [libjvm.dylib+0x48000a], sa_mask[0]=00100000000000000000000000000000, sa_flags=SA_RESTART|SA_SIGINFO
SIGHUP: [libjvm.dylib+0x47e5e1], sa_mask[0]=11111111011111110111111111111111, sa_flags=SA_RESTART|SA_SIGINFO
SIGINT: [libjvm.dylib+0x47e5e1], sa_mask[0]=11111111011111110111111111111111, sa_flags=SA_RESTART|SA_SIGINFO
SIGTERM: [libjvm.dylib+0x47e5e1], sa_mask[0]=11111111011111110111111111111111, sa_flags=SA_RESTART|SA_SIGINFO
SIGQUIT: [libjvm.dylib+0x47e5e1], sa_mask[0]=11111111011111110111111111111111, sa_flags=SA_RESTART|SA_SIGINFO


---------------  S Y S T E M  ---------------

OS:Bsduname:Darwin 15.4.0 Darwin Kernel Version 15.4.0: Fri Feb 26 22:08:05 PST 2016; root:xnu-3248.40.184~3/RELEASE_X86_64 x86_64
rlimit: STACK 8192k, CORE 0k, NPROC 709, NOFILE 10240, AS infinity
load average:3.70 3.88 3.44

CPU:total 8 (4 cores per cpu, 2 threads per core) family 6 model 70 stepping 1, cmov, cx8, fxsr, mmx, sse, sse2, sse3, ssse3, sse4.1, sse4.2, popcnt, avx, avx2, aes, clmul, erms, lzcnt, ht, tsc, tscinvbit, bmi1, bmi2

Memory: 4k page, physical 8388608k(188928k free)

/proc/meminfo:


vm_info: Java HotSpot(TM) 64-Bit Server VM (25.77-b03) for bsd-amd64 JRE (1.8.0_77-b03), built on Mar 20 2016 22:14:03 by "java_re" with gcc 4.2.1 (Based on Apple Inc. build 5658) (LLVM build 2336.11.00)

time: Tue May 17 15:12:45 2016
elapsed time: 575 seconds (0d 0h 9m 35s)

